<?xml version="1.0" encoding="UTF-8"?>
<testng-results ignored="0" total="1" passed="1" failed="0" skipped="0">
  <reporter-output>
  </reporter-output>
  <suite started-at="2026-03-17T15:42:51 IST" name="Suite" finished-at="2026-03-17T15:42:51 IST" duration-ms="29">
    <groups>
    </groups>
    <test started-at="2026-03-17T15:42:51 IST" name="Test" finished-at="2026-03-17T15:42:51 IST" duration-ms="29">
      <class name="TestScript">
        <test-method signature="test1()[pri:0, instance:TestScript@1139b2f3]" started-at="2026-03-17T15:42:51 IST" name="test1" finished-at="2026-03-17T15:42:51 IST" duration-ms="3" status="PASS">
          <reporter-output>
          </reporter-output>
        </test-method> <!-- test1 -->
      </class> <!-- TestScript -->
    </test> <!-- Test -->
  </suite> <!-- Suite -->
</testng-results>
